2023/08/12 12:33:07 [notice] 1#1: using the "epoll" event method
2023/08/12 12:33:07 [notice] 1#1: nginx/1.24.0
2023/08/12 12:33:07 [notice] 1#1: built by gcc 12.2.1 20220924 (Alpine 12.2.1_git20220924-r4) 
2023/08/12 12:33:07 [notice] 1#1: OS: Linux 5.10.104-linuxkit
2023/08/12 12:33:07 [notice] 1#1: getrlimit(RLIMIT_NOFILE): 1048576:1048576
2023/08/12 12:33:07 [notice] 1#1: start worker processes
2023/08/12 12:33:07 [notice] 1#1: start worker process 29
2023/08/12 12:33:07 [notice] 1#1: start worker process 30
2023/08/12 12:33:07 [notice] 1#1: start worker process 31
2023/08/12 12:33:07 [notice] 1#1: start worker process 32
2023/08/12 12:33:10 [error] 30#30: *2 connect() failed (111: Connection refused) while connecting to upstream, client: 192.168.0.1, server: docker.localhost, request: "GET / HTTP/1.1", upstream: "fastcgi://192.168.0.2:9000", host: "docker.localhost"
2023/08/12 20:37:00 [notice] 1#1: signal 3 (SIGQUIT) received, shutting down
2023/08/12 20:37:00 [notice] 31#31: gracefully shutting down
2023/08/12 20:37:00 [notice] 29#29: gracefully shutting down
2023/08/12 20:37:00 [notice] 30#30: gracefully shutting down
2023/08/12 20:37:00 [notice] 32#32: gracefully shutting down
2023/08/12 20:37:00 [notice] 30#30: exiting
2023/08/12 20:37:00 [notice] 31#31: exiting
2023/08/12 20:37:00 [notice] 29#29: exiting
2023/08/12 20:37:00 [notice] 31#31: exit
2023/08/12 20:37:00 [notice] 32#32: exiting
2023/08/12 20:37:00 [notice] 30#30: exit
2023/08/12 20:37:00 [notice] 29#29: exit
2023/08/12 20:37:00 [notice] 32#32: exit
2023/08/12 20:37:00 [notice] 1#1: signal 17 (SIGCHLD) received from 31
2023/08/12 20:37:00 [notice] 1#1: worker process 29 exited with code 0
2023/08/12 20:37:00 [notice] 1#1: worker process 30 exited with code 0
2023/08/12 20:37:00 [notice] 1#1: worker process 31 exited with code 0
2023/08/12 20:37:00 [notice] 1#1: signal 29 (SIGIO) received
2023/08/12 20:37:00 [notice] 1#1: signal 17 (SIGCHLD) received from 32
2023/08/12 20:37:00 [notice] 1#1: worker process 32 exited with code 0
2023/08/12 20:37:00 [notice] 1#1: exit
2023/08/12 20:38:14 [notice] 1#1: using the "epoll" event method
2023/08/12 20:38:14 [notice] 1#1: nginx/1.24.0
2023/08/12 20:38:14 [notice] 1#1: built by gcc 12.2.1 20220924 (Alpine 12.2.1_git20220924-r4) 
2023/08/12 20:38:14 [notice] 1#1: OS: Linux 5.10.104-linuxkit
2023/08/12 20:38:14 [notice] 1#1: getrlimit(RLIMIT_NOFILE): 1048576:1048576
2023/08/12 20:38:14 [notice] 1#1: start worker processes
2023/08/12 20:38:14 [notice] 1#1: start worker process 29
2023/08/12 20:38:14 [notice] 1#1: start worker process 30
2023/08/12 20:38:14 [notice] 1#1: start worker process 31
2023/08/12 20:38:14 [notice] 1#1: start worker process 32
2023/08/12 20:39:35 [notice] 1#1: signal 3 (SIGQUIT) received, shutting down
2023/08/12 20:39:35 [notice] 29#29: gracefully shutting down
2023/08/12 20:39:35 [notice] 30#30: gracefully shutting down
2023/08/12 20:39:35 [notice] 32#32: gracefully shutting down
2023/08/12 20:39:35 [notice] 31#31: gracefully shutting down
2023/08/12 20:39:35 [notice] 31#31: exiting
2023/08/12 20:39:35 [notice] 29#29: exiting
2023/08/12 20:39:35 [notice] 29#29: exit
2023/08/12 20:39:35 [notice] 30#30: exiting
2023/08/12 20:39:35 [notice] 32#32: exiting
2023/08/12 20:39:35 [notice] 31#31: exit
2023/08/12 20:39:35 [notice] 30#30: exit
2023/08/12 20:39:35 [notice] 32#32: exit
2023/08/12 20:39:35 [notice] 1#1: signal 17 (SIGCHLD) received from 29
2023/08/12 20:39:35 [notice] 1#1: worker process 29 exited with code 0
2023/08/12 20:39:35 [notice] 1#1: worker process 31 exited with code 0
2023/08/12 20:39:35 [notice] 1#1: signal 29 (SIGIO) received
2023/08/12 20:39:35 [notice] 1#1: signal 17 (SIGCHLD) received from 31
2023/08/12 20:39:35 [notice] 1#1: worker process 30 exited with code 0
2023/08/12 20:39:35 [notice] 1#1: signal 29 (SIGIO) received
2023/08/12 20:39:35 [notice] 1#1: signal 17 (SIGCHLD) received from 30
2023/08/12 20:39:35 [notice] 1#1: signal 17 (SIGCHLD) received from 32
2023/08/12 20:39:35 [notice] 1#1: worker process 32 exited with code 0
2023/08/12 20:39:35 [notice] 1#1: exit
2023/08/12 20:40:15 [notice] 1#1: using the "epoll" event method
2023/08/12 20:40:15 [notice] 1#1: nginx/1.24.0
2023/08/12 20:40:15 [notice] 1#1: built by gcc 12.2.1 20220924 (Alpine 12.2.1_git20220924-r4) 
2023/08/12 20:40:15 [notice] 1#1: OS: Linux 5.10.104-linuxkit
2023/08/12 20:40:15 [notice] 1#1: getrlimit(RLIMIT_NOFILE): 1048576:1048576
2023/08/12 20:40:15 [notice] 1#1: start worker processes
2023/08/12 20:40:15 [notice] 1#1: start worker process 29
2023/08/12 20:40:15 [notice] 1#1: start worker process 30
2023/08/12 20:40:15 [notice] 1#1: start worker process 31
2023/08/12 20:40:15 [notice] 1#1: start worker process 32
2023/08/12 20:41:56 [notice] 1#1: signal 3 (SIGQUIT) received, shutting down
2023/08/12 20:41:56 [notice] 29#29: gracefully shutting down
2023/08/12 20:41:56 [notice] 29#29: exiting
2023/08/12 20:41:56 [notice] 30#30: gracefully shutting down
2023/08/12 20:41:56 [notice] 32#32: gracefully shutting down
2023/08/12 20:41:56 [notice] 31#31: gracefully shutting down
2023/08/12 20:41:56 [notice] 29#29: exit
2023/08/12 20:41:56 [notice] 30#30: exiting
2023/08/12 20:41:56 [notice] 32#32: exiting
2023/08/12 20:41:56 [notice] 32#32: exit
2023/08/12 20:41:56 [notice] 31#31: exiting
2023/08/12 20:41:56 [notice] 30#30: exit
2023/08/12 20:41:56 [notice] 31#31: exit
2023/08/12 20:41:56 [notice] 1#1: signal 17 (SIGCHLD) received from 29
2023/08/12 20:41:56 [notice] 1#1: worker process 29 exited with code 0
2023/08/12 20:41:56 [notice] 1#1: signal 29 (SIGIO) received
2023/08/12 20:41:56 [notice] 1#1: signal 17 (SIGCHLD) received from 31
2023/08/12 20:41:56 [notice] 1#1: worker process 31 exited with code 0
2023/08/12 20:41:56 [notice] 1#1: worker process 30 exited with code 0
2023/08/12 20:41:56 [notice] 1#1: worker process 32 exited with code 0
2023/08/12 20:41:56 [notice] 1#1: exit
2023/08/12 20:42:11 [notice] 1#1: using the "epoll" event method
2023/08/12 20:42:11 [notice] 1#1: nginx/1.24.0
2023/08/12 20:42:11 [notice] 1#1: built by gcc 12.2.1 20220924 (Alpine 12.2.1_git20220924-r4) 
2023/08/12 20:42:11 [notice] 1#1: OS: Linux 5.10.104-linuxkit
2023/08/12 20:42:11 [notice] 1#1: getrlimit(RLIMIT_NOFILE): 1048576:1048576
2023/08/12 20:42:11 [notice] 1#1: start worker processes
2023/08/12 20:42:11 [notice] 1#1: start worker process 28
2023/08/12 20:42:11 [notice] 1#1: start worker process 29
2023/08/12 20:42:11 [notice] 1#1: start worker process 30
2023/08/12 20:42:11 [notice] 1#1: start worker process 31
2023/08/12 20:52:45 [notice] 1#1: signal 3 (SIGQUIT) received, shutting down
2023/08/12 20:52:45 [notice] 29#29: gracefully shutting down
2023/08/12 20:52:45 [notice] 28#28: gracefully shutting down
2023/08/12 20:52:45 [notice] 30#30: gracefully shutting down
2023/08/12 20:52:45 [notice] 31#31: gracefully shutting down
2023/08/12 20:52:45 [notice] 29#29: exiting
2023/08/12 20:52:45 [notice] 28#28: exiting
2023/08/12 20:52:45 [notice] 30#30: exiting
2023/08/12 20:52:45 [notice] 31#31: exiting
2023/08/12 20:52:45 [notice] 29#29: exit
2023/08/12 20:52:45 [notice] 28#28: exit
2023/08/12 20:52:45 [notice] 30#30: exit
2023/08/12 20:52:45 [notice] 31#31: exit
2023/08/12 20:52:45 [notice] 1#1: signal 17 (SIGCHLD) received from 29
2023/08/12 20:52:45 [notice] 1#1: worker process 29 exited with code 0
2023/08/12 20:52:45 [notice] 1#1: signal 29 (SIGIO) received
2023/08/12 20:52:45 [notice] 1#1: signal 17 (SIGCHLD) received from 28
2023/08/12 20:52:45 [notice] 1#1: worker process 28 exited with code 0
2023/08/12 20:52:45 [notice] 1#1: signal 29 (SIGIO) received
2023/08/12 20:52:45 [notice] 1#1: signal 17 (SIGCHLD) received from 30
2023/08/12 20:52:45 [notice] 1#1: worker process 30 exited with code 0
2023/08/12 20:52:45 [notice] 1#1: signal 29 (SIGIO) received
2023/08/12 20:52:45 [notice] 1#1: signal 17 (SIGCHLD) received from 31
2023/08/12 20:52:45 [notice] 1#1: worker process 31 exited with code 0
2023/08/12 20:52:45 [notice] 1#1: exit
2023/08/12 20:52:57 [notice] 1#1: using the "epoll" event method
2023/08/12 20:52:57 [notice] 1#1: nginx/1.24.0
2023/08/12 20:52:57 [notice] 1#1: built by gcc 12.2.1 20220924 (Alpine 12.2.1_git20220924-r4) 
2023/08/12 20:52:57 [notice] 1#1: OS: Linux 5.10.104-linuxkit
2023/08/12 20:52:57 [notice] 1#1: getrlimit(RLIMIT_NOFILE): 1048576:1048576
2023/08/12 20:52:57 [notice] 1#1: start worker processes
2023/08/12 20:52:57 [notice] 1#1: start worker process 30
2023/08/12 20:52:57 [notice] 1#1: start worker process 31
2023/08/12 20:52:57 [notice] 1#1: start worker process 32
2023/08/12 20:52:57 [notice] 1#1: start worker process 33
2023/08/13 03:50:21 [notice] 1#1: signal 3 (SIGQUIT) received, shutting down
2023/08/13 03:50:21 [notice] 30#30: gracefully shutting down
2023/08/13 03:50:21 [notice] 30#30: exiting
2023/08/13 03:50:21 [notice] 31#31: gracefully shutting down
2023/08/13 03:50:21 [notice] 30#30: exit
2023/08/13 03:50:21 [notice] 31#31: exiting
2023/08/13 03:50:21 [notice] 33#33: gracefully shutting down
2023/08/13 03:50:21 [notice] 33#33: exiting
2023/08/13 03:50:21 [notice] 32#32: gracefully shutting down
2023/08/13 03:50:21 [notice] 31#31: exit
2023/08/13 03:50:21 [notice] 33#33: exit
2023/08/13 03:50:21 [notice] 32#32: exiting
2023/08/13 03:50:21 [notice] 32#32: exit
2023/08/13 03:50:21 [notice] 1#1: signal 17 (SIGCHLD) received from 30
2023/08/13 03:50:21 [notice] 1#1: worker process 30 exited with code 0
2023/08/13 03:50:21 [notice] 1#1: worker process 31 exited with code 0
2023/08/13 03:50:21 [notice] 1#1: signal 29 (SIGIO) received
2023/08/13 03:50:21 [notice] 1#1: signal 17 (SIGCHLD) received from 31
2023/08/13 03:50:21 [notice] 1#1: worker process 32 exited with code 0
2023/08/13 03:50:21 [notice] 1#1: signal 29 (SIGIO) received
2023/08/13 03:50:21 [notice] 1#1: signal 17 (SIGCHLD) received from 32
2023/08/13 03:50:21 [notice] 1#1: signal 17 (SIGCHLD) received from 33
2023/08/13 03:50:21 [notice] 1#1: worker process 33 exited with code 0
2023/08/13 03:50:21 [notice] 1#1: exit
2023/08/13 03:50:23 [emerg] 1#1: unexpected "}" in /etc/nginx/conf.d/default.conf:15
2023/08/13 03:50:35 [emerg] 1#1: unexpected "}" in /etc/nginx/conf.d/default.conf:15
2023/08/13 03:50:41 [emerg] 1#1: unexpected "}" in /etc/nginx/conf.d/default.conf:15
2023/08/13 03:51:42 [notice] 1#1: using the "epoll" event method
2023/08/13 03:51:42 [notice] 1#1: nginx/1.24.0
2023/08/13 03:51:42 [notice] 1#1: built by gcc 12.2.1 20220924 (Alpine 12.2.1_git20220924-r4) 
2023/08/13 03:51:42 [notice] 1#1: OS: Linux 5.10.104-linuxkit
2023/08/13 03:51:42 [notice] 1#1: getrlimit(RLIMIT_NOFILE): 1048576:1048576
2023/08/13 03:51:42 [notice] 1#1: start worker processes
2023/08/13 03:51:42 [notice] 1#1: start worker process 29
2023/08/13 03:51:42 [notice] 1#1: start worker process 30
2023/08/13 03:51:42 [notice] 1#1: start worker process 31
2023/08/13 03:51:42 [notice] 1#1: start worker process 32
2023/08/13 03:51:46 [error] 30#30: *1 open() "/var/www/html/storage/app/public/storage/logo.png" failed (2: No such file or directory), client: 192.168.80.1, server: docker.localhost, request: "GET /storage/logo.png HTTP/1.1", host: "localhost"
2023/08/13 03:51:50 [error] 29#29: *3 open() "/var/www/html/storage/app/public/storage/logo.png" failed (2: No such file or directory), client: 192.168.80.1, server: docker.localhost, request: "GET /storage/logo.png HTTP/1.1", host: "localhost", referrer: "http://localhost/"
2023/08/13 03:51:53 [error] 29#29: *3 open() "/var/www/html/storage/app/public/storage/logo.png" failed (2: No such file or directory), client: 192.168.80.1, server: docker.localhost, request: "GET /storage/logo.png HTTP/1.1", host: "localhost"
2023/08/13 03:54:55 [error] 31#31: *7 open() "/var/www/html/storage/app/public/storage/logo.png" failed (2: No such file or directory), client: 192.168.80.1, server: docker.localhost, request: "GET /storage/logo.png HTTP/1.1", host: "localhost"
2023/08/13 03:55:00 [error] 30#30: *8 open() "/var/www/html/storage/app/public/storage/logo.png" failed (2: No such file or directory), client: 192.168.80.1, server: docker.localhost, request: "GET /storage/logo.png HTTP/1.1", host: "localhost"
2023/08/13 03:55:04 [error] 30#30: *11 open() "/var/www/html/storage/app/public/storage/logo.png" failed (2: No such file or directory), client: 192.168.80.1, server: docker.localhost, request: "GET /storage/logo.png HTTP/1.1", host: "localhost", referrer: "http://localhost/"
2023/08/13 03:55:07 [error] 30#30: *11 open() "/var/www/html/storage/app/public/storage/logo.png" failed (2: No such file or directory), client: 192.168.80.1, server: docker.localhost, request: "GET /storage/logo.png HTTP/1.1", host: "localhost"
2023/08/13 03:55:59 [error] 30#30: *13 open() "/var/www/html/storage/app/public/storage/logo.png" failed (2: No such file or directory), client: 192.168.80.1, server: docker.localhost, request: "GET /storage/logo.png HTTP/1.1", host: "localhost"
2023/08/13 03:56:01 [error] 30#30: *13 open() "/var/www/html/storage/app/public/storage/logo.png" failed (2: No such file or directory), client: 192.168.80.1, server: docker.localhost, request: "GET /storage/logo.png HTTP/1.1", host: "localhost"
2023/08/13 03:56:08 [error] 30#30: *15 open() "/var/www/html/storage/app/public/storage/public/logo.png" failed (2: No such file or directory), client: 192.168.80.1, server: docker.localhost, request: "GET /storage/public/logo.png HTTP/1.1", host: "localhost"
2023/08/13 03:56:13 [error] 30#30: *17 open() "/var/www/html/storage/app/public/storage/logo.png" failed (2: No such file or directory), client: 192.168.80.1, server: docker.localhost, request: "GET /storage/logo.png HTTP/1.1", host: "localhost"
2023/08/13 03:56:16 [error] 29#29: *19 open() "/var/www/html/storage/app/public/storage/logo.png" failed (2: No such file or directory), client: 192.168.80.1, server: docker.localhost, request: "GET /storage/logo.png HTTP/1.1", host: "localhost", referrer: "http://localhost/"
2023/08/13 03:59:59 [error] 30#30: *23 open() "/var/www/html/storage/app/public/storage/logo.png" failed (2: No such file or directory), client: 192.168.80.1, server: docker.localhost, request: "GET /storage/logo.png HTTP/1.1", host: "localhost"
2023/08/13 04:00:01 [error] 30#30: *23 open() "/var/www/html/storage/app/public/storage/logo.png" failed (2: No such file or directory), client: 192.168.80.1, server: docker.localhost, request: "GET /storage/logo.png HTTP/1.1", host: "localhost"
2023/08/13 04:00:03 [error] 30#30: *23 open() "/var/www/html/storage/app/public/storage/logo.png" failed (2: No such file or directory), client: 192.168.80.1, server: docker.localhost, request: "GET /storage/logo.png HTTP/1.1", host: "localhost", referrer: "http://localhost/"
2023/08/13 04:03:20 [error] 30#30: *25 open() "/var/www/html/storage/app/public/storage/logo.png" failed (2: No such file or directory), client: 192.168.80.1, server: docker.localhost, request: "GET /storage/logo.png HTTP/1.1", host: "localhost"
2023/08/13 04:03:22 [error] 30#30: *25 open() "/var/www/html/storage/app/public/storage/logo.png" failed (2: No such file or directory), client: 192.168.80.1, server: docker.localhost, request: "GET /storage/logo.png HTTP/1.1", host: "localhost"
2023/08/13 04:03:47 [error] 30#30: *28 open() "/var/www/html/storage/app/public/storage/logo.png" failed (2: No such file or directory), client: 192.168.80.1, server: docker.localhost, request: "GET /storage/logo.png HTTP/1.1", host: "localhost"
2023/08/13 04:05:33 [notice] 1#1: signal 3 (SIGQUIT) received, shutting down
2023/08/13 04:05:33 [notice] 30#30: gracefully shutting down
2023/08/13 04:05:33 [notice] 30#30: exiting
2023/08/13 04:05:33 [notice] 29#29: gracefully shutting down
2023/08/13 04:05:33 [notice] 32#32: gracefully shutting down
2023/08/13 04:05:33 [notice] 31#31: gracefully shutting down
2023/08/13 04:05:33 [notice] 30#30: exit
2023/08/13 04:05:33 [notice] 29#29: exiting
2023/08/13 04:05:33 [notice] 32#32: exiting
2023/08/13 04:05:33 [notice] 32#32: exit
2023/08/13 04:05:33 [notice] 31#31: exiting
2023/08/13 04:05:33 [notice] 29#29: exit
2023/08/13 04:05:33 [notice] 31#31: exit
2023/08/13 04:05:33 [notice] 1#1: signal 17 (SIGCHLD) received from 30
2023/08/13 04:05:33 [notice] 1#1: worker process 30 exited with code 0
2023/08/13 04:05:33 [notice] 1#1: signal 29 (SIGIO) received
2023/08/13 04:05:33 [notice] 1#1: signal 17 (SIGCHLD) received from 32
2023/08/13 04:05:33 [notice] 1#1: worker process 29 exited with code 0
2023/08/13 04:05:33 [notice] 1#1: worker process 32 exited with code 0
2023/08/13 04:05:33 [notice] 1#1: worker process 31 exited with code 0
2023/08/13 04:05:33 [notice] 1#1: signal 17 (SIGCHLD) received from 29
2023/08/13 04:05:33 [notice] 1#1: exit
2023/08/13 04:05:34 [notice] 1#1: using the "epoll" event method
2023/08/13 04:05:34 [notice] 1#1: nginx/1.24.0
2023/08/13 04:05:34 [notice] 1#1: built by gcc 12.2.1 20220924 (Alpine 12.2.1_git20220924-r4) 
2023/08/13 04:05:34 [notice] 1#1: OS: Linux 5.10.104-linuxkit
2023/08/13 04:05:34 [notice] 1#1: getrlimit(RLIMIT_NOFILE): 1048576:1048576
2023/08/13 04:05:34 [notice] 1#1: start worker processes
2023/08/13 04:05:34 [notice] 1#1: start worker process 29
2023/08/13 04:05:34 [notice] 1#1: start worker process 30
2023/08/13 04:05:34 [notice] 1#1: start worker process 31
2023/08/13 04:05:34 [notice] 1#1: start worker process 32
2023/08/13 04:15:43 [notice] 1#1: signal 3 (SIGQUIT) received, shutting down
2023/08/13 04:15:43 [notice] 29#29: gracefully shutting down
2023/08/13 04:15:43 [notice] 31#31: gracefully shutting down
2023/08/13 04:15:43 [notice] 32#32: gracefully shutting down
2023/08/13 04:15:43 [notice] 32#32: exiting
2023/08/13 04:15:43 [notice] 30#30: gracefully shutting down
2023/08/13 04:15:43 [notice] 30#30: exiting
2023/08/13 04:15:43 [notice] 29#29: exiting
2023/08/13 04:15:43 [notice] 31#31: exiting
2023/08/13 04:15:43 [notice] 32#32: exit
2023/08/13 04:15:43 [notice] 30#30: exit
2023/08/13 04:15:43 [notice] 29#29: exit
2023/08/13 04:15:43 [notice] 31#31: exit
2023/08/13 04:15:43 [notice] 1#1: signal 17 (SIGCHLD) received from 30
2023/08/13 04:15:43 [notice] 1#1: worker process 30 exited with code 0
2023/08/13 04:15:43 [notice] 1#1: signal 29 (SIGIO) received
2023/08/13 04:15:43 [notice] 1#1: signal 17 (SIGCHLD) received from 32
2023/08/13 04:15:43 [notice] 1#1: worker process 32 exited with code 0
2023/08/13 04:15:43 [notice] 1#1: signal 29 (SIGIO) received
2023/08/13 04:15:43 [notice] 1#1: signal 17 (SIGCHLD) received from 31
2023/08/13 04:15:43 [notice] 1#1: worker process 31 exited with code 0
2023/08/13 04:15:43 [notice] 1#1: worker process 29 exited with code 0
2023/08/13 04:15:43 [notice] 1#1: signal 17 (SIGCHLD) received from 29
2023/08/13 04:15:43 [notice] 1#1: exit
2023/08/13 04:16:10 [notice] 1#1: using the "epoll" event method
2023/08/13 04:16:10 [notice] 1#1: nginx/1.24.0
2023/08/13 04:16:10 [notice] 1#1: built by gcc 12.2.1 20220924 (Alpine 12.2.1_git20220924-r4) 
2023/08/13 04:16:10 [notice] 1#1: OS: Linux 5.10.104-linuxkit
2023/08/13 04:16:10 [notice] 1#1: getrlimit(RLIMIT_NOFILE): 1048576:1048576
2023/08/13 04:16:10 [notice] 1#1: start worker processes
2023/08/13 04:16:10 [notice] 1#1: start worker process 28
2023/08/13 04:16:10 [notice] 1#1: start worker process 29
2023/08/13 04:16:10 [notice] 1#1: start worker process 30
2023/08/13 04:16:10 [notice] 1#1: start worker process 31
2023/08/13 04:17:29 [error] 28#28: *2 connect() failed (111: Connection refused) while connecting to upstream, client: 192.168.96.1, server: docker.localhost, request: "GET /storage/logo.png HTTP/1.1", upstream: "fastcgi://192.168.96.4:9000", host: "localhost"
2023/08/13 04:17:31 [error] 28#28: *2 connect() failed (111: Connection refused) while connecting to upstream, client: 192.168.96.1, server: docker.localhost, request: "GET / HTTP/1.1", upstream: "fastcgi://192.168.96.4:9000", host: "localhost"
2023/08/13 04:17:36 [error] 30#30: *6 connect() failed (111: Connection refused) while connecting to upstream, client: 192.168.96.1, server: docker.localhost, request: "GET / HTTP/1.1", upstream: "fastcgi://192.168.96.4:9000", host: "localhost"
2023/08/13 04:17:37 [error] 30#30: *6 connect() failed (111: Connection refused) while connecting to upstream, client: 192.168.96.1, server: docker.localhost, request: "GET / HTTP/1.1", upstream: "fastcgi://192.168.96.4:9000", host: "localhost"
2023/08/13 04:18:05 [notice] 1#1: signal 3 (SIGQUIT) received, shutting down
2023/08/13 04:18:05 [notice] 28#28: gracefully shutting down
2023/08/13 04:18:05 [notice] 29#29: gracefully shutting down
2023/08/13 04:18:05 [notice] 29#29: exiting
2023/08/13 04:18:05 [notice] 30#30: gracefully shutting down
2023/08/13 04:18:05 [notice] 31#31: gracefully shutting down
2023/08/13 04:18:05 [notice] 28#28: exiting
2023/08/13 04:18:05 [notice] 29#29: exit
2023/08/13 04:18:05 [notice] 30#30: exiting
2023/08/13 04:18:05 [notice] 31#31: exiting
2023/08/13 04:18:05 [notice] 28#28: exit
2023/08/13 04:18:05 [notice] 30#30: exit
2023/08/13 04:18:05 [notice] 31#31: exit
2023/08/13 04:18:05 [notice] 1#1: signal 17 (SIGCHLD) received from 29
2023/08/13 04:18:05 [notice] 1#1: worker process 28 exited with code 0
2023/08/13 04:18:05 [notice] 1#1: worker process 29 exited with code 0
2023/08/13 04:18:05 [notice] 1#1: worker process 31 exited with code 0
2023/08/13 04:18:05 [notice] 1#1: signal 29 (SIGIO) received
2023/08/13 04:18:05 [notice] 1#1: signal 17 (SIGCHLD) received from 30
2023/08/13 04:18:05 [notice] 1#1: worker process 30 exited with code 0
2023/08/13 04:18:05 [notice] 1#1: exit
2023/08/13 04:19:36 [notice] 1#1: using the "epoll" event method
2023/08/13 04:19:36 [notice] 1#1: nginx/1.24.0
2023/08/13 04:19:36 [notice] 1#1: built by gcc 12.2.1 20220924 (Alpine 12.2.1_git20220924-r4) 
2023/08/13 04:19:36 [notice] 1#1: OS: Linux 5.10.104-linuxkit
2023/08/13 04:19:36 [notice] 1#1: getrlimit(RLIMIT_NOFILE): 1048576:1048576
2023/08/13 04:19:36 [notice] 1#1: start worker processes
2023/08/13 04:19:36 [notice] 1#1: start worker process 29
2023/08/13 04:19:36 [notice] 1#1: start worker process 30
2023/08/13 04:19:36 [notice] 1#1: start worker process 31
2023/08/13 04:19:36 [notice] 1#1: start worker process 32
2023/08/13 04:28:18 [notice] 1#1: signal 3 (SIGQUIT) received, shutting down
2023/08/13 04:28:18 [notice] 30#30: gracefully shutting down
2023/08/13 04:28:18 [notice] 30#30: exiting
2023/08/13 04:28:18 [notice] 31#31: gracefully shutting down
2023/08/13 04:28:18 [notice] 31#31: exiting
2023/08/13 04:28:18 [notice] 29#29: gracefully shutting down
2023/08/13 04:28:18 [notice] 29#29: exiting
2023/08/13 04:28:18 [notice] 32#32: gracefully shutting down
2023/08/13 04:28:18 [notice] 30#30: exit
2023/08/13 04:28:18 [notice] 31#31: exit
2023/08/13 04:28:18 [notice] 29#29: exit
2023/08/13 04:28:18 [notice] 32#32: exiting
2023/08/13 04:28:18 [notice] 32#32: exit
2023/08/13 04:28:19 [notice] 1#1: signal 17 (SIGCHLD) received from 30
2023/08/13 04:28:19 [notice] 1#1: worker process 30 exited with code 0
2023/08/13 04:28:19 [notice] 1#1: signal 29 (SIGIO) received
2023/08/13 04:28:19 [notice] 1#1: signal 17 (SIGCHLD) received from 31
2023/08/13 04:28:19 [notice] 1#1: worker process 31 exited with code 0
2023/08/13 04:28:19 [notice] 1#1: worker process 29 exited with code 0
2023/08/13 04:28:19 [notice] 1#1: signal 29 (SIGIO) received
2023/08/13 04:28:19 [notice] 1#1: signal 17 (SIGCHLD) received from 29
2023/08/13 04:28:19 [notice] 1#1: signal 17 (SIGCHLD) received from 32
2023/08/13 04:28:19 [notice] 1#1: worker process 32 exited with code 0
2023/08/13 04:28:19 [notice] 1#1: exit
2023/08/13 04:28:20 [notice] 1#1: using the "epoll" event method
2023/08/13 04:28:20 [notice] 1#1: nginx/1.24.0
2023/08/13 04:28:20 [notice] 1#1: built by gcc 12.2.1 20220924 (Alpine 12.2.1_git20220924-r4) 
2023/08/13 04:28:20 [notice] 1#1: OS: Linux 5.10.104-linuxkit
2023/08/13 04:28:20 [notice] 1#1: getrlimit(RLIMIT_NOFILE): 1048576:1048576
2023/08/13 04:28:20 [notice] 1#1: start worker processes
2023/08/13 04:28:20 [notice] 1#1: start worker process 28
2023/08/13 04:28:20 [notice] 1#1: start worker process 29
2023/08/13 04:28:20 [notice] 1#1: start worker process 30
2023/08/13 04:28:20 [notice] 1#1: start worker process 31
2023/08/13 04:29:29 [notice] 1#1: signal 3 (SIGQUIT) received, shutting down
2023/08/13 04:29:29 [notice] 31#31: gracefully shutting down
2023/08/13 04:29:29 [notice] 29#29: gracefully shutting down
2023/08/13 04:29:29 [notice] 29#29: exiting
2023/08/13 04:29:29 [notice] 28#28: gracefully shutting down
2023/08/13 04:29:29 [notice] 28#28: exiting
2023/08/13 04:29:29 [notice] 30#30: gracefully shutting down
2023/08/13 04:29:29 [notice] 31#31: exiting
2023/08/13 04:29:29 [notice] 29#29: exit
2023/08/13 04:29:29 [notice] 28#28: exit
2023/08/13 04:29:29 [notice] 30#30: exiting
2023/08/13 04:29:29 [notice] 31#31: exit
2023/08/13 04:29:29 [notice] 30#30: exit
2023/08/13 04:29:29 [notice] 1#1: signal 17 (SIGCHLD) received from 28
2023/08/13 04:29:29 [notice] 1#1: worker process 28 exited with code 0
2023/08/13 04:29:29 [notice] 1#1: signal 29 (SIGIO) received
2023/08/13 04:29:29 [notice] 1#1: signal 17 (SIGCHLD) received from 29
2023/08/13 04:29:29 [notice] 1#1: worker process 29 exited with code 0
2023/08/13 04:29:29 [notice] 1#1: signal 29 (SIGIO) received
2023/08/13 04:29:29 [notice] 1#1: signal 17 (SIGCHLD) received from 31
2023/08/13 04:29:29 [notice] 1#1: worker process 30 exited with code 0
2023/08/13 04:29:29 [notice] 1#1: worker process 31 exited with code 0
2023/08/13 04:29:29 [notice] 1#1: signal 17 (SIGCHLD) received from 30
2023/08/13 04:29:29 [notice] 1#1: exit
2023/08/13 04:29:30 [notice] 1#1: using the "epoll" event method
2023/08/13 04:29:30 [notice] 1#1: nginx/1.24.0
2023/08/13 04:29:30 [notice] 1#1: built by gcc 12.2.1 20220924 (Alpine 12.2.1_git20220924-r4) 
2023/08/13 04:29:30 [notice] 1#1: OS: Linux 5.10.104-linuxkit
2023/08/13 04:29:30 [notice] 1#1: getrlimit(RLIMIT_NOFILE): 1048576:1048576
2023/08/13 04:29:30 [notice] 1#1: start worker processes
2023/08/13 04:29:30 [notice] 1#1: start worker process 29
2023/08/13 04:29:30 [notice] 1#1: start worker process 30
2023/08/13 04:29:30 [notice] 1#1: start worker process 31
2023/08/13 04:29:30 [notice] 1#1: start worker process 32
2023/08/13 04:31:10 [notice] 1#1: signal 3 (SIGQUIT) received, shutting down
2023/08/13 04:31:10 [notice] 32#32: gracefully shutting down
2023/08/13 04:31:10 [notice] 32#32: exiting
2023/08/13 04:31:10 [notice] 29#29: gracefully shutting down
2023/08/13 04:31:10 [notice] 31#31: gracefully shutting down
2023/08/13 04:31:10 [notice] 30#30: gracefully shutting down
2023/08/13 04:31:10 [notice] 32#32: exit
2023/08/13 04:31:10 [notice] 29#29: exiting
2023/08/13 04:31:10 [notice] 31#31: exiting
2023/08/13 04:31:10 [notice] 30#30: exiting
2023/08/13 04:31:10 [notice] 29#29: exit
2023/08/13 04:31:10 [notice] 31#31: exit
2023/08/13 04:31:10 [notice] 30#30: exit
2023/08/13 04:31:10 [notice] 1#1: signal 17 (SIGCHLD) received from 32
2023/08/13 04:31:10 [notice] 1#1: worker process 32 exited with code 0
2023/08/13 04:31:10 [notice] 1#1: signal 29 (SIGIO) received
2023/08/13 04:31:10 [notice] 1#1: signal 17 (SIGCHLD) received from 29
2023/08/13 04:31:10 [notice] 1#1: worker process 29 exited with code 0
2023/08/13 04:31:10 [notice] 1#1: signal 29 (SIGIO) received
2023/08/13 04:31:10 [notice] 1#1: signal 17 (SIGCHLD) received from 31
2023/08/13 04:31:10 [notice] 1#1: worker process 31 exited with code 0
2023/08/13 04:31:10 [notice] 1#1: worker process 30 exited with code 0
2023/08/13 04:31:10 [notice] 1#1: exit
2023/08/13 04:31:11 [notice] 1#1: using the "epoll" event method
2023/08/13 04:31:11 [notice] 1#1: nginx/1.24.0
2023/08/13 04:31:11 [notice] 1#1: built by gcc 12.2.1 20220924 (Alpine 12.2.1_git20220924-r4) 
2023/08/13 04:31:11 [notice] 1#1: OS: Linux 5.10.104-linuxkit
2023/08/13 04:31:11 [notice] 1#1: getrlimit(RLIMIT_NOFILE): 1048576:1048576
2023/08/13 04:31:11 [notice] 1#1: start worker processes
2023/08/13 04:31:11 [notice] 1#1: start worker process 29
2023/08/13 04:31:11 [notice] 1#1: start worker process 30
2023/08/13 04:31:11 [notice] 1#1: start worker process 31
2023/08/13 04:31:11 [notice] 1#1: start worker process 32
2023/08/13 18:59:11 [notice] 1#1: signal 3 (SIGQUIT) received, shutting down
2023/08/13 18:59:11 [notice] 31#31: gracefully shutting down
2023/08/13 18:59:11 [notice] 32#32: gracefully shutting down
2023/08/13 18:59:11 [notice] 32#32: exiting
2023/08/13 18:59:11 [notice] 29#29: gracefully shutting down
2023/08/13 18:59:11 [notice] 30#30: gracefully shutting down
2023/08/13 18:59:11 [notice] 30#30: exiting
2023/08/13 18:59:11 [notice] 31#31: exiting
2023/08/13 18:59:11 [notice] 32#32: exit
2023/08/13 18:59:11 [notice] 31#31: exit
2023/08/13 18:59:11 [notice] 30#30: exit
2023/08/13 18:59:11 [notice] 29#29: exiting
2023/08/13 18:59:11 [notice] 29#29: exit
2023/08/13 18:59:11 [notice] 1#1: signal 17 (SIGCHLD) received from 31
2023/08/13 18:59:11 [notice] 1#1: worker process 30 exited with code 0
2023/08/13 18:59:11 [notice] 1#1: worker process 31 exited with code 0
2023/08/13 18:59:11 [notice] 1#1: worker process 32 exited with code 0
2023/08/13 18:59:11 [notice] 1#1: signal 29 (SIGIO) received
2023/08/13 18:59:11 [notice] 1#1: signal 17 (SIGCHLD) received from 32
2023/08/13 18:59:11 [notice] 1#1: signal 17 (SIGCHLD) received from 29
2023/08/13 18:59:11 [notice] 1#1: worker process 29 exited with code 0
2023/08/13 18:59:11 [notice] 1#1: exit
2023/08/13 18:59:14 [notice] 1#1: using the "epoll" event method
2023/08/13 18:59:14 [notice] 1#1: nginx/1.24.0
2023/08/13 18:59:14 [notice] 1#1: built by gcc 12.2.1 20220924 (Alpine 12.2.1_git20220924-r4) 
2023/08/13 18:59:14 [notice] 1#1: OS: Linux 5.10.104-linuxkit
2023/08/13 18:59:14 [notice] 1#1: getrlimit(RLIMIT_NOFILE): 1048576:1048576
2023/08/13 18:59:14 [notice] 1#1: start worker processes
2023/08/13 18:59:14 [notice] 1#1: start worker process 29
2023/08/13 18:59:14 [notice] 1#1: start worker process 30
2023/08/13 18:59:14 [notice] 1#1: start worker process 31
2023/08/13 18:59:14 [notice] 1#1: start worker process 32
2023/08/14 08:35:31 [notice] 1#1: signal 3 (SIGQUIT) received, shutting down
2023/08/14 08:35:31 [notice] 29#29: gracefully shutting down
2023/08/14 08:35:31 [notice] 30#30: gracefully shutting down
2023/08/14 08:35:31 [notice] 31#31: gracefully shutting down
2023/08/14 08:35:31 [notice] 29#29: exiting
2023/08/14 08:35:31 [notice] 32#32: gracefully shutting down
2023/08/14 08:35:31 [notice] 29#29: exit
2023/08/14 08:35:31 [notice] 32#32: exiting
2023/08/14 08:35:31 [notice] 30#30: exiting
2023/08/14 08:35:31 [notice] 32#32: exit
2023/08/14 08:35:31 [notice] 30#30: exit
2023/08/14 08:35:31 [notice] 31#31: exiting
2023/08/14 08:35:31 [notice] 31#31: exit
2023/08/14 08:35:31 [notice] 1#1: signal 17 (SIGCHLD) received from 30
2023/08/14 08:35:31 [notice] 1#1: worker process 30 exited with code 0
2023/08/14 08:35:31 [notice] 1#1: signal 29 (SIGIO) received
2023/08/14 08:35:31 [notice] 1#1: signal 17 (SIGCHLD) received from 29
2023/08/14 08:35:31 [notice] 1#1: worker process 29 exited with code 0
2023/08/14 08:35:31 [notice] 1#1: worker process 32 exited with code 0
2023/08/14 08:35:31 [notice] 1#1: signal 29 (SIGIO) received
2023/08/14 08:35:31 [notice] 1#1: signal 17 (SIGCHLD) received from 31
2023/08/14 08:35:31 [notice] 1#1: worker process 31 exited with code 0
2023/08/14 08:35:31 [notice] 1#1: exit
2023/08/14 08:35:34 [notice] 1#1: using the "epoll" event method
2023/08/14 08:35:34 [notice] 1#1: nginx/1.24.0
2023/08/14 08:35:34 [notice] 1#1: built by gcc 12.2.1 20220924 (Alpine 12.2.1_git20220924-r4) 
2023/08/14 08:35:34 [notice] 1#1: OS: Linux 5.10.104-linuxkit
2023/08/14 08:35:34 [notice] 1#1: getrlimit(RLIMIT_NOFILE): 1048576:1048576
2023/08/14 08:35:34 [notice] 1#1: start worker processes
2023/08/14 08:35:34 [notice] 1#1: start worker process 29
2023/08/14 08:35:34 [notice] 1#1: start worker process 30
2023/08/14 08:35:34 [notice] 1#1: start worker process 31
2023/08/14 08:35:34 [notice] 1#1: start worker process 32
